<?xml version="1.0" encoding="UTF-8"?>
<testsuite xmlns:xsi="http://www.w3.org/2001/XMLSchema-instance" xsi:noNamespaceSchemaLocation="https://maven.apache.org/surefire/maven-surefire-plugin/xsd/surefire-test-report.xsd" name="com.flipkart.SampleTest" time="0.004" tests="1" errors="0" skipped="0" failures="0">
  <properties>
    <property name="sun.desktop" value="windows"/>
    <property name="awt.toolkit" value="sun.awt.windows.WToolkit"/>
    <property name="file.encoding.pkg" value="sun.io"/>
    <property name="java.specification.version" value="1.8"/>
    <property name="sun.cpu.isalist" value="amd64"/>
    <property name="sun.jnu.encoding" value="Cp1252"/>
    <property name="java.class.path" value="C:\Users\PRAMOD SETHI\webappflipkart\target\test-classes;C:\Users\PRAMOD SETHI\webappflipkart\target\classes;C:\Users\PRAMOD SETHI\.m2\repository\junit\junit\4.11\junit-4.11.jar;C:\Users\PRAMOD SETHI\.m2\repository\org\hamcrest\hamcrest-core\1.3\hamcrest-core-1.3.jar;C:\Users\PRAMOD SETHI\.m2\repository\net\lecousin\reactive-data-relational\mysql\0.10.2\mysql-0.10.2.jar;C:\Users\PRAMOD SETHI\.m2\repository\net\lecousin\reactive-data-relational\core\0.10.2\core-0.10.2.jar;C:\Users\PRAMOD SETHI\.m2\repository\org\springframework\boot\spring-boot-starter-data-r2dbc\2.6.7\spring-boot-starter-data-r2dbc-2.6.7.jar;C:\Users\PRAMOD SETHI\.m2\repository\org\springframework\boot\spring-boot-starter\2.6.7\spring-boot-starter-2.6.7.jar;C:\Users\PRAMOD SETHI\.m2\repository\org\springframework\boot\spring-boot\2.6.7\spring-boot-2.6.7.jar;C:\Users\PRAMOD SETHI\.m2\repository\org\springframework\boot\spring-boot-autoconfigure\2.6.7\spring-boot-autoconfigure-2.6.7.jar;C:\Users\PRAMOD SETHI\.m2\repository\org\springframework\boot\spring-boot-starter-logging\2.6.7\spring-boot-starter-logging-2.6.7.jar;C:\Users\PRAMOD SETHI\.m2\repository\ch\qos\logback\logback-classic\1.2.11\logback-classic-1.2.11.jar;C:\Users\PRAMOD SETHI\.m2\repository\ch\qos\logback\logback-core\1.2.11\logback-core-1.2.11.jar;C:\Users\PRAMOD SETHI\.m2\repository\org\apache\logging\log4j\log4j-to-slf4j\2.17.2\log4j-to-slf4j-2.17.2.jar;C:\Users\PRAMOD SETHI\.m2\repository\org\apache\logging\log4j\log4j-api\2.17.2\log4j-api-2.17.2.jar;C:\Users\PRAMOD SETHI\.m2\repository\org\slf4j\jul-to-slf4j\1.7.36\jul-to-slf4j-1.7.36.jar;C:\Users\PRAMOD SETHI\.m2\repository\jakarta\annotation\jakarta.annotation-api\1.3.5\jakarta.annotation-api-1.3.5.jar;C:\Users\PRAMOD SETHI\.m2\repository\org\springframework\spring-core\5.3.19\spring-core-5.3.19.jar;C:\Users\PRAMOD SETHI\.m2\repository\org\springframework\spring-jcl\5.3.19\spring-jcl-5.3.19.jar;C:\Users\PRAMOD SETHI\.m2\repository\org\yaml\snakeyaml\1.29\snakeyaml-1.29.jar;C:\Users\PRAMOD SETHI\.m2\repository\org\springframework\data\spring-data-r2dbc\1.4.4\spring-data-r2dbc-1.4.4.jar;C:\Users\PRAMOD SETHI\.m2\repository\org\springframework\data\spring-data-commons\2.6.4\spring-data-commons-2.6.4.jar;C:\Users\PRAMOD SETHI\.m2\repository\org\springframework\data\spring-data-relational\2.3.4\spring-data-relational-2.3.4.jar;C:\Users\PRAMOD SETHI\.m2\repository\org\springframework\spring-r2dbc\5.3.19\spring-r2dbc-5.3.19.jar;C:\Users\PRAMOD SETHI\.m2\repository\org\springframework\spring-tx\5.3.19\spring-tx-5.3.19.jar;C:\Users\PRAMOD SETHI\.m2\repository\org\springframework\spring-context\5.3.19\spring-context-5.3.19.jar;C:\Users\PRAMOD SETHI\.m2\repository\org\springframework\spring-aop\5.3.19\spring-aop-5.3.19.jar;C:\Users\PRAMOD SETHI\.m2\repository\org\springframework\spring-expression\5.3.19\spring-expression-5.3.19.jar;C:\Users\PRAMOD SETHI\.m2\repository\org\springframework\spring-beans\5.3.19\spring-beans-5.3.19.jar;C:\Users\PRAMOD SETHI\.m2\repository\io\r2dbc\r2dbc-pool\0.8.8.RELEASE\r2dbc-pool-0.8.8.RELEASE.jar;C:\Users\PRAMOD SETHI\.m2\repository\io\projectreactor\addons\reactor-pool\0.1.14.RELEASE\reactor-pool-0.1.14.RELEASE.jar;C:\Users\PRAMOD SETHI\.m2\repository\org\apache\commons\commons-lang3\3.12.0\commons-lang3-3.12.0.jar;C:\Users\PRAMOD SETHI\.m2\repository\org\javassist\javassist\3.28.0-GA\javassist-3.28.0-GA.jar;C:\Users\PRAMOD SETHI\.m2\repository\dev\miku\r2dbc-mysql\0.8.2.RELEASE\r2dbc-mysql-0.8.2.RELEASE.jar;C:\Users\PRAMOD SETHI\.m2\repository\io\projectreactor\reactor-core\3.3.6.RELEASE\reactor-core-3.3.6.RELEASE.jar;C:\Users\PRAMOD SETHI\.m2\repository\org\reactivestreams\reactive-streams\1.0.3\reactive-streams-1.0.3.jar;C:\Users\PRAMOD SETHI\.m2\repository\io\projectreactor\addons\reactor-extra\3.3.3.RELEASE\reactor-extra-3.3.3.RELEASE.jar;C:\Users\PRAMOD SETHI\.m2\repository\io\projectreactor\netty\reactor-netty\0.9.8.RELEASE\reactor-netty-0.9.8.RELEASE.jar;C:\Users\PRAMOD SETHI\.m2\repository\io\netty\netty-codec-http\4.1.50.Final\netty-codec-http-4.1.50.Final.jar;C:\Users\PRAMOD SETHI\.m2\repository\io\netty\netty-common\4.1.50.Final\netty-common-4.1.50.Final.jar;C:\Users\PRAMOD SETHI\.m2\repository\io\netty\netty-buffer\4.1.50.Final\netty-buffer-4.1.50.Final.jar;C:\Users\PRAMOD SETHI\.m2\repository\io\netty\netty-transport\4.1.50.Final\netty-transport-4.1.50.Final.jar;C:\Users\PRAMOD SETHI\.m2\repository\io\netty\netty-codec\4.1.50.Final\netty-codec-4.1.50.Final.jar;C:\Users\PRAMOD SETHI\.m2\repository\io\netty\netty-codec-http2\4.1.50.Final\netty-codec-http2-4.1.50.Final.jar;C:\Users\PRAMOD SETHI\.m2\repository\io\netty\netty-handler\4.1.50.Final\netty-handler-4.1.50.Final.jar;C:\Users\PRAMOD SETHI\.m2\repository\io\netty\netty-resolver\4.1.50.Final\netty-resolver-4.1.50.Final.jar;C:\Users\PRAMOD SETHI\.m2\repository\io\netty\netty-handler-proxy\4.1.50.Final\netty-handler-proxy-4.1.50.Final.jar;C:\Users\PRAMOD SETHI\.m2\repository\io\netty\netty-codec-socks\4.1.50.Final\netty-codec-socks-4.1.50.Final.jar;C:\Users\PRAMOD SETHI\.m2\repository\io\netty\netty-transport-native-epoll\4.1.50.Final\netty-transport-native-epoll-4.1.50.Final-linux-x86_64.jar;C:\Users\PRAMOD SETHI\.m2\repository\io\netty\netty-transport-native-unix-common\4.1.50.Final\netty-transport-native-unix-common-4.1.50.Final.jar;C:\Users\PRAMOD SETHI\.m2\repository\io\r2dbc\r2dbc-spi\0.8.2.RELEASE\r2dbc-spi-0.8.2.RELEASE.jar;C:\Users\PRAMOD SETHI\.m2\repository\org\slf4j\slf4j-api\1.7.30\slf4j-api-1.7.30.jar;C:\Users\PRAMOD SETHI\.m2\repository\org\webjars\bowergithub\jcgueriaud\google-map\2.0.5p\google-map-2.0.5p.jar;C:\Users\PRAMOD SETHI\.m2\repository\org\webjars\bowergithub\polymer\polymer\2.8.0\polymer-2.8.0.jar;C:\Users\PRAMOD SETHI\.m2\repository\org\webjars\bowergithub\webcomponents\shadycss\1.9.1\shadycss-1.9.1.jar;C:\Users\PRAMOD SETHI\.m2\repository\org\webjars\bowergithub\webcomponents\webcomponentsjs\2.0.0-beta.3\webcomponentsjs-2.0.0-beta.3.jar;C:\Users\PRAMOD SETHI\.m2\repository\org\webjars\bowergithub\googlewebcomponents\google-apis\2.0.2\google-apis-2.0.2.jar;C:\Users\PRAMOD SETHI\.m2\repository\org\webjars\bowergithub\polymerelements\iron-jsonp-library\2.1.0\iron-jsonp-library-2.1.0.jar;C:\Users\PRAMOD SETHI\.m2\repository\org\webjars\bowergithub\polymerelements\iron-resizable-behavior\2.1.1\iron-resizable-behavior-2.1.1.jar;C:\Users\PRAMOD SETHI\.m2\repository\org\webjars\bowergithub\polymerelements\iron-selector\2.1.0\iron-selector-2.1.0.jar;"/>
    <property name="java.vm.vendor" value="Oracle Corporation"/>
    <property name="sun.arch.data.model" value="64"/>
    <property name="user.variant" value=""/>
    <property name="java.vendor.url" value="http://java.oracle.com/"/>
    <property name="user.timezone" value="Asia/Calcutta"/>
    <property name="java.vm.specification.version" value="1.8"/>
    <property name="os.name" value="Windows 10"/>
    <property name="user.country" value="IN"/>
    <property name="sun.java.launcher" value="SUN_STANDARD"/>
    <property name="sun.boot.library.path" value="C:\Program Files\Java\jdk1.8.0_333\jre\bin"/>
    <property name="sun.java.command" value="C:\Users\PRAMOD~1\AppData\Local\Temp\surefire2490270596975461233\surefirebooter7123221940231885775.jar C:\Users\PRAMOD SETHI\AppData\Local\Temp\surefire2490270596975461233 2022-06-18T22-00-43_825-jvmRun1 surefire335460075567560506tmp surefire_03682942669024459699tmp"/>
    <property name="surefire.test.class.path" value="C:\Users\PRAMOD SETHI\webappflipkart\target\test-classes;C:\Users\PRAMOD SETHI\webappflipkart\target\classes;C:\Users\PRAMOD SETHI\.m2\repository\junit\junit\4.11\junit-4.11.jar;C:\Users\PRAMOD SETHI\.m2\repository\org\hamcrest\hamcrest-core\1.3\hamcrest-core-1.3.jar;C:\Users\PRAMOD SETHI\.m2\repository\net\lecousin\reactive-data-relational\mysql\0.10.2\mysql-0.10.2.jar;C:\Users\PRAMOD SETHI\.m2\repository\net\lecousin\reactive-data-relational\core\0.10.2\core-0.10.2.jar;C:\Users\PRAMOD SETHI\.m2\repository\org\springframework\boot\spring-boot-starter-data-r2dbc\2.6.7\spring-boot-starter-data-r2dbc-2.6.7.jar;C:\Users\PRAMOD SETHI\.m2\repository\org\springframework\boot\spring-boot-starter\2.6.7\spring-boot-starter-2.6.7.jar;C:\Users\PRAMOD SETHI\.m2\repository\org\springframework\boot\spring-boot\2.6.7\spring-boot-2.6.7.jar;C:\Users\PRAMOD SETHI\.m2\repository\org\springframework\boot\spring-boot-autoconfigure\2.6.7\spring-boot-autoconfigure-2.6.7.jar;C:\Users\PRAMOD SETHI\.m2\repository\org\springframework\boot\spring-boot-starter-logging\2.6.7\spring-boot-starter-logging-2.6.7.jar;C:\Users\PRAMOD SETHI\.m2\repository\ch\qos\logback\logback-classic\1.2.11\logback-classic-1.2.11.jar;C:\Users\PRAMOD SETHI\.m2\repository\ch\qos\logback\logback-core\1.2.11\logback-core-1.2.11.jar;C:\Users\PRAMOD SETHI\.m2\repository\org\apache\logging\log4j\log4j-to-slf4j\2.17.2\log4j-to-slf4j-2.17.2.jar;C:\Users\PRAMOD SETHI\.m2\repository\org\apache\logging\log4j\log4j-api\2.17.2\log4j-api-2.17.2.jar;C:\Users\PRAMOD SETHI\.m2\repository\org\slf4j\jul-to-slf4j\1.7.36\jul-to-slf4j-1.7.36.jar;C:\Users\PRAMOD SETHI\.m2\repository\jakarta\annotation\jakarta.annotation-api\1.3.5\jakarta.annotation-api-1.3.5.jar;C:\Users\PRAMOD SETHI\.m2\repository\org\springframework\spring-core\5.3.19\spring-core-5.3.19.jar;C:\Users\PRAMOD SETHI\.m2\repository\org\springframework\spring-jcl\5.3.19\spring-jcl-5.3.19.jar;C:\Users\PRAMOD SETHI\.m2\repository\org\yaml\snakeyaml\1.29\snakeyaml-1.29.jar;C:\Users\PRAMOD SETHI\.m2\repository\org\springframework\data\spring-data-r2dbc\1.4.4\spring-data-r2dbc-1.4.4.jar;C:\Users\PRAMOD SETHI\.m2\repository\org\springframework\data\spring-data-commons\2.6.4\spring-data-commons-2.6.4.jar;C:\Users\PRAMOD SETHI\.m2\repository\org\springframework\data\spring-data-relational\2.3.4\spring-data-relational-2.3.4.jar;C:\Users\PRAMOD SETHI\.m2\repository\org\springframework\spring-r2dbc\5.3.19\spring-r2dbc-5.3.19.jar;C:\Users\PRAMOD SETHI\.m2\repository\org\springframework\spring-tx\5.3.19\spring-tx-5.3.19.jar;C:\Users\PRAMOD SETHI\.m2\repository\org\springframework\spring-context\5.3.19\spring-context-5.3.19.jar;C:\Users\PRAMOD SETHI\.m2\repository\org\springframework\spring-aop\5.3.19\spring-aop-5.3.19.jar;C:\Users\PRAMOD SETHI\.m2\repository\org\springframework\spring-expression\5.3.19\spring-expression-5.3.19.jar;C:\Users\PRAMOD SETHI\.m2\repository\org\springframework\spring-beans\5.3.19\spring-beans-5.3.19.jar;C:\Users\PRAMOD SETHI\.m2\repository\io\r2dbc\r2dbc-pool\0.8.8.RELEASE\r2dbc-pool-0.8.8.RELEASE.jar;C:\Users\PRAMOD SETHI\.m2\repository\io\projectreactor\addons\reactor-pool\0.1.14.RELEASE\reactor-pool-0.1.14.RELEASE.jar;C:\Users\PRAMOD SETHI\.m2\repository\org\apache\commons\commons-lang3\3.12.0\commons-lang3-3.12.0.jar;C:\Users\PRAMOD SETHI\.m2\repository\org\javassist\javassist\3.28.0-GA\javassist-3.28.0-GA.jar;C:\Users\PRAMOD SETHI\.m2\repository\dev\miku\r2dbc-mysql\0.8.2.RELEASE\r2dbc-mysql-0.8.2.RELEASE.jar;C:\Users\PRAMOD SETHI\.m2\repository\io\projectreactor\reactor-core\3.3.6.RELEASE\reactor-core-3.3.6.RELEASE.jar;C:\Users\PRAMOD SETHI\.m2\repository\org\reactivestreams\reactive-streams\1.0.3\reactive-streams-1.0.3.jar;C:\Users\PRAMOD SETHI\.m2\repository\io\projectreactor\addons\reactor-extra\3.3.3.RELEASE\reactor-extra-3.3.3.RELEASE.jar;C:\Users\PRAMOD SETHI\.m2\repository\io\projectreactor\netty\reactor-netty\0.9.8.RELEASE\reactor-netty-0.9.8.RELEASE.jar;C:\Users\PRAMOD SETHI\.m2\repository\io\netty\netty-codec-http\4.1.50.Final\netty-codec-http-4.1.50.Final.jar;C:\Users\PRAMOD SETHI\.m2\repository\io\netty\netty-common\4.1.50.Final\netty-common-4.1.50.Final.jar;C:\Users\PRAMOD SETHI\.m2\repository\io\netty\netty-buffer\4.1.50.Final\netty-buffer-4.1.50.Final.jar;C:\Users\PRAMOD SETHI\.m2\repository\io\netty\netty-transport\4.1.50.Final\netty-transport-4.1.50.Final.jar;C:\Users\PRAMOD SETHI\.m2\repository\io\netty\netty-codec\4.1.50.Final\netty-codec-4.1.50.Final.jar;C:\Users\PRAMOD SETHI\.m2\repository\io\netty\netty-codec-http2\4.1.50.Final\netty-codec-http2-4.1.50.Final.jar;C:\Users\PRAMOD SETHI\.m2\repository\io\netty\netty-handler\4.1.50.Final\netty-handler-4.1.50.Final.jar;C:\Users\PRAMOD SETHI\.m2\repository\io\netty\netty-resolver\4.1.50.Final\netty-resolver-4.1.50.Final.jar;C:\Users\PRAMOD SETHI\.m2\repository\io\netty\netty-handler-proxy\4.1.50.Final\netty-handler-proxy-4.1.50.Final.jar;C:\Users\PRAMOD SETHI\.m2\repository\io\netty\netty-codec-socks\4.1.50.Final\netty-codec-socks-4.1.50.Final.jar;C:\Users\PRAMOD SETHI\.m2\repository\io\netty\netty-transport-native-epoll\4.1.50.Final\netty-transport-native-epoll-4.1.50.Final-linux-x86_64.jar;C:\Users\PRAMOD SETHI\.m2\repository\io\netty\netty-transport-native-unix-common\4.1.50.Final\netty-transport-native-unix-common-4.1.50.Final.jar;C:\Users\PRAMOD SETHI\.m2\repository\io\r2dbc\r2dbc-spi\0.8.2.RELEASE\r2dbc-spi-0.8.2.RELEASE.jar;C:\Users\PRAMOD SETHI\.m2\repository\org\slf4j\slf4j-api\1.7.30\slf4j-api-1.7.30.jar;C:\Users\PRAMOD SETHI\.m2\repository\org\webjars\bowergithub\jcgueriaud\google-map\2.0.5p\google-map-2.0.5p.jar;C:\Users\PRAMOD SETHI\.m2\repository\org\webjars\bowergithub\polymer\polymer\2.8.0\polymer-2.8.0.jar;C:\Users\PRAMOD SETHI\.m2\repository\org\webjars\bowergithub\webcomponents\shadycss\1.9.1\shadycss-1.9.1.jar;C:\Users\PRAMOD SETHI\.m2\repository\org\webjars\bowergithub\webcomponents\webcomponentsjs\2.0.0-beta.3\webcomponentsjs-2.0.0-beta.3.jar;C:\Users\PRAMOD SETHI\.m2\repository\org\webjars\bowergithub\googlewebcomponents\google-apis\2.0.2\google-apis-2.0.2.jar;C:\Users\PRAMOD SETHI\.m2\repository\org\webjars\bowergithub\polymerelements\iron-jsonp-library\2.1.0\iron-jsonp-library-2.1.0.jar;C:\Users\PRAMOD SETHI\.m2\repository\org\webjars\bowergithub\polymerelements\iron-resizable-behavior\2.1.1\iron-resizable-behavior-2.1.1.jar;C:\Users\PRAMOD SETHI\.m2\repository\org\webjars\bowergithub\polymerelements\iron-selector\2.1.0\iron-selector-2.1.0.jar;"/>
    <property name="sun.cpu.endian" value="little"/>
    <property name="user.home" value="C:\Users\PRAMOD SETHI"/>
    <property name="user.language" value="en"/>
    <property name="java.specification.vendor" value="Oracle Corporation"/>
    <property name="java.home" value="C:\Program Files\Java\jdk1.8.0_333\jre"/>
    <property name="basedir" value="C:\Users\PRAMOD SETHI\webappflipkart"/>
    <property name="file.separator" value="\"/>
    <property name="line.separator" value="&#10;"/>
    <property name="java.vm.specification.vendor" value="Oracle Corporation"/>
    <property name="java.specification.name" value="Java Platform API Specification"/>
    <property name="java.awt.graphicsenv" value="sun.awt.Win32GraphicsEnvironment"/>
    <property name="surefire.real.class.path" value="C:\Users\PRAMOD~1\AppData\Local\Temp\surefire2490270596975461233\surefirebooter7123221940231885775.jar"/>
    <property name="sun.boot.class.path" value="C:\Program Files\Java\jdk1.8.0_333\jre\lib\resources.jar;C:\Program Files\Java\jdk1.8.0_333\jre\lib\rt.jar;C:\Program Files\Java\jdk1.8.0_333\jre\lib\sunrsasign.jar;C:\Program Files\Java\jdk1.8.0_333\jre\lib\jsse.jar;C:\Program Files\Java\jdk1.8.0_333\jre\lib\jce.jar;C:\Program Files\Java\jdk1.8.0_333\jre\lib\charsets.jar;C:\Program Files\Java\jdk1.8.0_333\jre\lib\jfr.jar;C:\Program Files\Java\jdk1.8.0_333\jre\classes"/>
    <property name="user.script" value=""/>
    <property name="sun.management.compiler" value="HotSpot 64-Bit Tiered Compilers"/>
    <property name="java.runtime.version" value="1.8.0_333-b02"/>
    <property name="user.name" value="PRAMOD SETHI"/>
    <property name="path.separator" value=";"/>
    <property name="os.version" value="10.0"/>
    <property name="java.endorsed.dirs" value="C:\Program Files\Java\jdk1.8.0_333\jre\lib\endorsed"/>
    <property name="java.runtime.name" value="Java(TM) SE Runtime Environment"/>
    <property name="file.encoding" value="Cp1252"/>
    <property name="java.vm.name" value="Java HotSpot(TM) 64-Bit Server VM"/>
    <property name="localRepository" value="C:\Users\PRAMOD SETHI\.m2\repository"/>
    <property name="java.vendor.url.bug" value="http://bugreport.sun.com/bugreport/"/>
    <property name="java.io.tmpdir" value="C:\Users\PRAMOD~1\AppData\Local\Temp\"/>
    <property name="java.version" value="1.8.0_333"/>
    <property name="user.dir" value="C:\Users\PRAMOD SETHI\webappflipkart"/>
    <property name="os.arch" value="amd64"/>
    <property name="java.vm.specification.name" value="Java Virtual Machine Specification"/>
    <property name="java.awt.printerjob" value="sun.awt.windows.WPrinterJob"/>
    <property name="sun.os.patch.level" value=""/>
    <property name="java.library.path" value="C:\Program Files\Java\jdk1.8.0_333\jre\bin;C:\WINDOWS\Sun\Java\bin;C:\WINDOWS\system32;C:\WINDOWS;C:\Program Files (x86)\Common Files\Oracle\Java\javapath;C:\WINDOWS\system32;C:\WINDOWS;C:\WINDOWS\System32\Wbem;C:\WINDOWS\System32\WindowsPowerShell\v1.0\;C:\WINDOWS\System32\OpenSSH\;C:\Program Files\Git\cmd;C:\Program Files\Java\jdk1.8.0_333\bin;C:\Users\PRAMOD SETHI\Downloads\apache-maven-3.8.6\bin;C:\Users\PRAMOD SETHI\AppData\Local\Microsoft\WindowsApps;;."/>
    <property name="java.vm.info" value="mixed mode"/>
    <property name="java.vendor" value="Oracle Corporation"/>
    <property name="java.vm.version" value="25.333-b02"/>
    <property name="java.ext.dirs" value="C:\Program Files\Java\jdk1.8.0_333\jre\lib\ext;C:\WINDOWS\Sun\Java\lib\ext"/>
    <property name="sun.io.unicode.encoding" value="UnicodeLittle"/>
    <property name="java.class.version" value="52.0"/>
  </properties>
  <testcase name="shouldAnswerWithTrue" classname="com.flipkart.SampleTest" time="0"/>
</testsuite>